220413-04:07:01 [INFO] -- 
220413-04:07:01 [INFO] -- 
220413-04:07:01 [INFO] -- ============================================================
220413-04:07:01 [INFO] -- SLCStarter: Application Starting...
220413-04:07:03 [INFO] -- SLSvrHandler: starting...
220413-04:07:03 [INFO] -- BarcodeReaderDriver: starting...
220413-04:07:03 [INFO] -- OctopusCardReaderDriver: starting...
220413-04:07:03 [INFO] -- TouchDisplayHandler: starting...
220413-04:07:03 [INFO] -- timer: starting...
220413-04:07:03 [INFO] -- LockerDriver: starting...
220413-04:07:03 [INFO] -- SLC: starting...
220413-04:07:03 [INFO] -- TouchDisplayHandler: loading fxml: TouchDisplayEmulator.fxml
220413-04:07:03 [INFO] -- SLSvrHandler: loading fxml: SLSvrEmulator.fxml
220413-04:07:09 [INFO] -- Poll: TimesUp 53874 0
220413-04:07:09 [INFO] -- PollAck: SLSvrHandler is up!
220413-04:07:09 [INFO] -- PollAck: TouchDisplayHandler is up!
220413-04:07:09 [INFO] -- PollAck: OctopusCardReaderDriver is up!
220413-04:07:09 [INFO] -- PollAck: BarcodeReaderDriver is up!
220413-04:07:09 [INFO] -- PollAck: LockerDriver is up!
220413-04:07:15 [INFO] -- Poll: TimesUp 92382 0
220413-04:07:15 [INFO] -- PollAck: LockerDriver is up!
220413-04:07:15 [INFO] -- PollAck: SLSvrHandler is up!
220413-04:07:15 [INFO] -- PollAck: BarcodeReaderDriver is up!
220413-04:07:15 [INFO] -- PollAck: OctopusCardReaderDriver is up!
220413-04:07:15 [INFO] -- PollAck: TouchDisplayHandler is up!
220413-04:07:15 [INFO] -- ButtonCLicked: Request StoreParcel,4107-7014
220413-04:07:15 [INFO] -- TouchDisplayHandler: pickup code: 931064, LockerID:2
220413-04:07:15 [INFO] -- SLC: success generate a pickup code, please put your parcel in the door:2
220413-04:07:21 [INFO] -- Poll: TimesUp 27409 0
220413-04:07:21 [INFO] -- PollAck: SLSvrHandler is up!
220413-04:07:21 [INFO] -- PollAck: BarcodeReaderDriver is up!
220413-04:07:21 [INFO] -- PollAck: LockerDriver is up!
220413-04:07:21 [INFO] -- PollAck: TouchDisplayHandler is up!
220413-04:07:21 [INFO] -- PollAck: OctopusCardReaderDriver is up!
